2025-04-02 20:03:37 - INFO - ===========================================================================
2025-04-02 20:03:37 - INFO -   Intent Search Process Initiated  
2025-04-02 20:03:37 - INFO - ===========================================================================
2025-04-02 20:03:37 - INFO -   Search Query: girl dress
2025-04-02 20:03:37 - INFO -   Refined Search Query: Women's dresses
2025-04-02 20:03:37 - INFO -   Distance: 0.72, 0.79, 0.82, 0.82, 0.84, 0.85, 0.85, 0.86, 0.86, 0.87
2025-04-02 20:03:37 - INFO -   Execution Time: 4.4175 seconds
2025-04-02 20:03:37 - INFO - ===========================================================================
2025-04-02 20:03:37 - INFO -   Intent Search Process Completed 
2025-04-02 20:03:37 - INFO - ===========================================================================

2025-04-02 20:04:08 - INFO - ===========================================================================
2025-04-02 20:04:08 - INFO -   Intent Search Process Initiated  
2025-04-02 20:04:08 - INFO - ===========================================================================
2025-04-02 20:04:08 - INFO -   Search Query: smart watch in small price
2025-04-02 20:04:08 - INFO -   Refined Search Query: smart watch in small price in a small price
2025-04-02 20:04:08 - INFO -   Distance: 1.39, 1.43, 1.43, 1.44, 1.46, 1.46, 1.47, 1.48, 1.48, 1.49
2025-04-02 20:04:08 - INFO -   Execution Time: 4.4418 seconds
2025-04-02 20:04:08 - INFO - ===========================================================================
2025-04-02 20:04:08 - INFO -   Intent Search Process Completed 
2025-04-02 20:04:08 - INFO - ===========================================================================

2025-04-02 20:04:26 - INFO - ===========================================================================
2025-04-02 20:04:26 - INFO -   Intent Search Process Initiated  
2025-04-02 20:04:26 - INFO - ===========================================================================
2025-04-02 20:04:26 - INFO -   Search Query: smart watch in less price
2025-04-02 20:04:26 - INFO -   Refined Search Query: Smartwatch has gone on sale for the first
2025-04-02 20:04:26 - INFO -   Distance: 1.03, 1.04, 1.21, 1.23, 1.29, 1.29, 1.31, 1.32, 1.33, 1.33
2025-04-02 20:04:26 - INFO -   Execution Time: 4.5698 seconds
2025-04-02 20:04:26 - INFO - ===========================================================================
2025-04-02 20:04:26 - INFO -   Intent Search Process Completed 
2025-04-02 20:04:26 - INFO - ===========================================================================

2025-04-02 20:55:17 - INFO - ===========================================================================
2025-04-02 20:55:17 - INFO -   Intent Search Process Initiated  
2025-04-02 20:55:17 - INFO - ===========================================================================
2025-04-02 20:55:17 - INFO -   Search Query: smart watch in less price
2025-04-02 20:55:17 - INFO -   Refined Search Query: Smartwatch has gone on sale for the first
2025-04-02 20:55:17 - INFO -   Distance: 1.03, 1.04, 1.21, 1.23, 1.29, 1.29, 1.31, 1.32, 1.33, 1.33
2025-04-02 20:55:17 - INFO -   Execution Time: 3.7398 seconds
2025-04-02 20:55:17 - INFO - ===========================================================================
2025-04-02 20:55:17 - INFO -   Intent Search Process Completed 
2025-04-02 20:55:17 - INFO - ===========================================================================

2025-04-02 22:55:53 - INFO - ===========================================================================
2025-04-02 22:55:53 - INFO -   Intent Search Process Initiated  
2025-04-02 22:55:53 - INFO - ===========================================================================
2025-04-02 22:55:53 - INFO -   Search Query: smart watch in less price
2025-04-02 22:55:53 - INFO -   Refined Search Query: Smartwatch has gone on sale for the first
2025-04-02 22:55:53 - INFO -   Distance: 1.03, 1.04, 1.21, 1.23, 1.29, 1.29, 1.31, 1.32, 1.33, 1.33
2025-04-02 22:55:53 - INFO -   Execution Time: 3.7526 seconds
2025-04-02 22:55:53 - INFO - ===========================================================================
2025-04-02 22:55:53 - INFO -   Intent Search Process Completed 
2025-04-02 22:55:53 - INFO - ===========================================================================

2025-04-02 23:10:53 - INFO - ===========================================================================
2025-04-02 23:10:53 - INFO -   Intent Search Process Initiated  
2025-04-02 23:10:53 - INFO - ===========================================================================
2025-04-02 23:10:53 - INFO -   Search Query: smart watch in less price
2025-04-02 23:10:53 - INFO -   Refined Search Query: Smartwatch has gone on sale for the first
2025-04-02 23:10:53 - INFO -   Distance: 1.03, 1.04, 1.21, 1.23, 1.29, 1.29, 1.31, 1.32, 1.33, 1.33
2025-04-02 23:10:53 - INFO -   Execution Time: 3.2033 seconds
2025-04-02 23:10:53 - INFO - ===========================================================================
2025-04-02 23:10:53 - INFO -   Intent Search Process Completed 
2025-04-02 23:10:53 - INFO - ===========================================================================

2025-04-02 23:12:31 - INFO - ===========================================================================
2025-04-02 23:12:31 - INFO -   Intent Search Process Initiated  
2025-04-02 23:12:31 - INFO - ===========================================================================
2025-04-02 23:12:31 - INFO -   Search Query: smart watch in less price
2025-04-02 23:12:31 - INFO -   Refined Search Query: Smartwatch has gone on sale for the first
2025-04-02 23:12:31 - INFO -   Distance: 1.03, 1.04, 1.21, 1.23, 1.29, 1.29, 1.31, 1.32, 1.33, 1.33
2025-04-02 23:12:31 - INFO -   Execution Time: 3.2750 seconds
2025-04-02 23:12:31 - INFO - ===========================================================================
2025-04-02 23:12:31 - INFO -   Intent Search Process Completed 
2025-04-02 23:12:31 - INFO - ===========================================================================

2025-04-02 23:59:21 - INFO - ===========================================================================
2025-04-02 23:59:21 - INFO -   Intent Search Process Initiated  
2025-04-02 23:59:21 - INFO - ===========================================================================
2025-04-02 23:59:21 - INFO -   Search Query: smart watch in less price
2025-04-02 23:59:21 - INFO -   Refined Search Query: Smartwatch has gone on sale for the first
2025-04-02 23:59:21 - INFO -   Distance: 1.03, 1.04, 1.21, 1.23, 1.29, 1.29, 1.31, 1.32, 1.33, 1.33
2025-04-02 23:59:21 - INFO -   Execution Time: 3.8154 seconds
2025-04-02 23:59:21 - INFO - ===========================================================================
2025-04-02 23:59:21 - INFO -   Intent Search Process Completed 
2025-04-02 23:59:21 - INFO - ===========================================================================

2025-04-03 00:00:32 - INFO - ===========================================================================
2025-04-03 00:00:32 - INFO -   Intent Search Process Initiated  
2025-04-03 00:00:32 - INFO - ===========================================================================
2025-04-03 00:00:32 - INFO -   Search Query: smart watch in less price
2025-04-03 00:00:32 - INFO -   Refined Search Query: Smartwatch has gone on sale for the first
2025-04-03 00:00:32 - INFO -   Distance: 1.03, 1.04, 1.21, 1.23, 1.29, 1.29, 1.31, 1.32, 1.33, 1.33
2025-04-03 00:00:32 - INFO -   Execution Time: 3.9612 seconds
2025-04-03 00:00:32 - INFO - ===========================================================================
2025-04-03 00:00:32 - INFO -   Intent Search Process Completed 
2025-04-03 00:00:32 - INFO - ===========================================================================

2025-04-03 00:02:05 - INFO - ===========================================================================
2025-04-03 00:02:05 - INFO -   Intent Search Process Initiated  
2025-04-03 00:02:05 - INFO - ===========================================================================
2025-04-03 00:02:05 - INFO -   Search Query: smart watch in less price
2025-04-03 00:02:05 - INFO -   Refined Search Query: Smartwatch has gone on sale for the first
2025-04-03 00:02:05 - INFO -   Distance: 1.03, 1.04, 1.21, 1.23, 1.29, 1.29, 1.31, 1.32, 1.33, 1.33
2025-04-03 00:02:05 - INFO -   Execution Time: 4.6409 seconds
2025-04-03 00:02:05 - INFO - ===========================================================================
2025-04-03 00:02:05 - INFO -   Intent Search Process Completed 
2025-04-03 00:02:05 - INFO - ===========================================================================

2025-04-03 00:04:07 - INFO - ===========================================================================
2025-04-03 00:04:07 - INFO -   Intent Search Process Initiated  
2025-04-03 00:04:07 - INFO - ===========================================================================
2025-04-03 00:04:07 - INFO -   Search Query: smart watch in less price
2025-04-03 00:04:07 - INFO -   Refined Search Query: Smartwatch has gone on sale for the first
2025-04-03 00:04:07 - INFO -   Distance: 1.03, 1.04, 1.21, 1.23, 1.29, 1.29, 1.31, 1.32, 1.33, 1.33
2025-04-03 00:04:07 - INFO -   Execution Time: 4.4733 seconds
2025-04-03 00:04:07 - INFO - ===========================================================================
2025-04-03 00:04:07 - INFO -   Intent Search Process Completed 
2025-04-03 00:04:07 - INFO - ===========================================================================

2025-04-03 00:06:41 - INFO - ===========================================================================
2025-04-03 00:06:41 - INFO -   Intent Search Process Initiated  
2025-04-03 00:06:41 - INFO - ===========================================================================
2025-04-03 00:06:41 - INFO -   Search Query: smart watch in less price
2025-04-03 00:06:41 - INFO -   Refined Search Query: Smartwatch has gone on sale for the first
2025-04-03 00:06:41 - INFO -   Distance: 1.03, 1.04, 1.21, 1.23, 1.29, 1.29, 1.31, 1.32, 1.33, 1.33
2025-04-03 00:06:41 - INFO -   Execution Time: 4.1333 seconds
2025-04-03 00:06:41 - INFO - ===========================================================================
2025-04-03 00:06:41 - INFO -   Intent Search Process Completed 
2025-04-03 00:06:41 - INFO - ===========================================================================

2025-04-03 00:08:26 - INFO - ===========================================================================
2025-04-03 00:08:26 - INFO -   Intent Search Process Initiated  
2025-04-03 00:08:26 - INFO - ===========================================================================
2025-04-03 00:08:26 - INFO -   Search Query: smart watch in less price
2025-04-03 00:08:26 - INFO -   Refined Search Query: Smartwatch has gone on sale for the first
2025-04-03 00:08:26 - INFO -   Distance: 1.03, 1.04, 1.21, 1.23, 1.29, 1.29, 1.31, 1.32, 1.33, 1.33
2025-04-03 00:08:26 - INFO -   Execution Time: 3.8434 seconds
2025-04-03 00:08:26 - INFO - ===========================================================================
2025-04-03 00:08:26 - INFO -   Intent Search Process Completed 
2025-04-03 00:08:26 - INFO - ===========================================================================

2025-04-03 00:10:49 - INFO - ===========================================================================
2025-04-03 00:10:49 - INFO -   Intent Search Process Initiated  
2025-04-03 00:10:49 - INFO - ===========================================================================
2025-04-03 00:10:49 - INFO -   Search Query: smart watch in less price
2025-04-03 00:10:49 - INFO -   Refined Search Query: Smartwatch has gone on sale for the first
2025-04-03 00:10:49 - INFO -   Distance: 1.03, 1.04, 1.21, 1.23, 1.29, 1.29, 1.31, 1.32, 1.33, 1.33
2025-04-03 00:10:49 - INFO -   Execution Time: 3.9920 seconds
2025-04-03 00:10:49 - INFO - ===========================================================================
2025-04-03 00:10:49 - INFO -   Intent Search Process Completed 
2025-04-03 00:10:49 - INFO - ===========================================================================

2025-04-03 00:11:37 - INFO - ===========================================================================
2025-04-03 00:11:37 - INFO -   Intent Search Process Initiated  
2025-04-03 00:11:37 - INFO - ===========================================================================
2025-04-03 00:11:37 - INFO -   Search Query: smart watch in less price
2025-04-03 00:11:38 - INFO -   Refined Search Query: Smartwatch has gone on sale for the first
2025-04-03 00:11:38 - INFO -   Distance: 1.03, 1.04, 1.21, 1.23, 1.29, 1.29, 1.31, 1.32, 1.33, 1.33
2025-04-03 00:11:38 - INFO -   Execution Time: 4.0656 seconds
2025-04-03 00:11:38 - INFO - ===========================================================================
2025-04-03 00:11:38 - INFO -   Intent Search Process Completed 
2025-04-03 00:11:38 - INFO - ===========================================================================

2025-04-03 00:14:01 - INFO - ===========================================================================
2025-04-03 00:14:01 - INFO -   Intent Search Process Initiated  
2025-04-03 00:14:01 - INFO - ===========================================================================
2025-04-03 00:14:01 - INFO -   Search Query: smart watch in less price
2025-04-03 00:14:01 - INFO -   Refined Search Query: Smartwatch has gone on sale for the first
2025-04-03 00:14:01 - INFO -   Distance: 1.03, 1.04, 1.21, 1.23, 1.29, 1.29, 1.31, 1.32, 1.33, 1.33
2025-04-03 00:14:01 - INFO -   Execution Time: 4.3537 seconds
2025-04-03 00:14:01 - INFO - ===========================================================================
2025-04-03 00:14:01 - INFO -   Intent Search Process Completed 
2025-04-03 00:14:01 - INFO - ===========================================================================

2025-04-03 00:18:04 - INFO - ===========================================================================
2025-04-03 00:18:04 - INFO -   Intent Search Process Initiated  
2025-04-03 00:18:04 - INFO - ===========================================================================
2025-04-03 00:18:04 - INFO -   Search Query: smart watch in less price
2025-04-03 00:18:04 - INFO -   Refined Search Query: Smartwatch has gone on sale for the first
2025-04-03 00:18:04 - INFO -   Distance: 1.03, 1.04, 1.21, 1.23, 1.29, 1.29, 1.31, 1.32, 1.33, 1.33
2025-04-03 00:18:04 - INFO -   Execution Time: 3.9557 seconds
2025-04-03 00:18:04 - INFO - ===========================================================================
2025-04-03 00:18:04 - INFO -   Intent Search Process Completed 
2025-04-03 00:18:04 - INFO - ===========================================================================

2025-04-13 00:00:45 - INFO - ===========================================================================
2025-04-13 00:00:45 - INFO -   Intent Search Process Initiated  
2025-04-13 00:00:45 - INFO - ===========================================================================
2025-04-13 00:00:45 - INFO -   Search Query: smart watch in less price
2025-04-13 00:00:45 - INFO -   Refined Search Query: Smartwatch has gone on sale for the first
2025-04-13 00:00:45 - INFO -   Distance: 1.03, 1.04, 1.21, 1.23, 1.29, 1.29, 1.31, 1.32, 1.33, 1.33
2025-04-13 00:00:45 - INFO -   Execution Time: 10.3491 seconds
2025-04-13 00:00:45 - INFO - ===========================================================================
2025-04-13 00:00:45 - INFO -   Intent Search Process Completed 
2025-04-13 00:00:45 - INFO - ===========================================================================

2025-04-13 00:01:25 - INFO - ===========================================================================
2025-04-13 00:01:25 - INFO -   Intent Search Process Initiated  
2025-04-13 00:01:25 - INFO - ===========================================================================
2025-04-13 00:01:25 - INFO -   Search Query: girl toys
2025-04-13 00:01:25 - INFO -   Refined Search Query: Girl toys are popular toys for girls to play with and play with
2025-04-13 00:01:25 - INFO -   Distance: 0.70, 0.75, 0.76, 0.76, 0.77, 0.79, 0.80, 0.80, 0.81, 0.82
2025-04-13 00:01:25 - INFO -   Execution Time: 9.2357 seconds
2025-04-13 00:01:25 - INFO - ===========================================================================
2025-04-13 00:01:25 - INFO -   Intent Search Process Completed 
2025-04-13 00:01:25 - INFO - ===========================================================================

